-------------------------------------------------------------------------------
Test set: com.geeta.serverclient.ServerclientApplicationTests
-------------------------------------------------------------------------------
Tests run: 1, Failures: 0, Errors: 1, Skipped: 0, Time elapsed: 4.267 s <<< FAILURE! - in com.geeta.serverclient.ServerclientApplicationTests
contextLoads  Time elapsed: 0 s  <<< ERROR!
java.lang.IllegalStateException: Failed to load ApplicationContext
Caused by: org.springframework.beans.factory.BeanCreationException: 
Error creating bean with name 'dataSourceScriptDatabaseInitializer' defined in class path resource [org/springframework/boot/autoconfigure/sql/init/DataSourceInitializationConfiguration.class]: Invocation of init method failed; nested exception is org.springframework.jdbc.datasource.init.ScriptStatementFailedException: Failed to execute SQL script statement #2 of URL [file:/C:/Users/chand/Downloads/serverclient/serverclient/target/classes/schema.sql]: CREATE TABLE QUESTIONS ( questionId PRIMARY KEY, questionName VARCHAR NOT NULL, questionAnswer VARCHAR NOT NULL ); nested exception is org.h2.jdbc.JdbcSQLNonTransientException: Unknown data type: "PRIMARY"; SQL statement:
CREATE TABLE QUESTIONS ( questionId PRIMARY KEY, questionName VARCHAR NOT NULL, questionAnswer VARCHAR NOT NULL ) [50004-200]
Caused by: org.springframework.jdbc.datasource.init.ScriptStatementFailedException: 
Failed to execute SQL script statement #2 of URL [file:/C:/Users/chand/Downloads/serverclient/serverclient/target/classes/schema.sql]: CREATE TABLE QUESTIONS ( questionId PRIMARY KEY, questionName VARCHAR NOT NULL, questionAnswer VARCHAR NOT NULL ); nested exception is org.h2.jdbc.JdbcSQLNonTransientException: Unknown data type: "PRIMARY"; SQL statement:
CREATE TABLE QUESTIONS ( questionId PRIMARY KEY, questionName VARCHAR NOT NULL, questionAnswer VARCHAR NOT NULL ) [50004-200]
Caused by: org.h2.jdbc.JdbcSQLNonTransientException: 
Unknown data type: "PRIMARY"; SQL statement:
CREATE TABLE QUESTIONS ( questionId PRIMARY KEY, questionName VARCHAR NOT NULL, questionAnswer VARCHAR NOT NULL ) [50004-200]

